C:\Program Files\Microsoft Visual Studio\2022\Community\MSBuild\Microsoft\VC\v170\Microsoft.CppBuild.targets(1098,5): warning MSB8027: Two or more files with the name of Operator1.cpp will produce outputs to the same location. This can lead to an incorrect build result.  The files involved are 0419\Operator1.cpp, 0420\Operator1.cpp.
C:\Program Files\Microsoft Visual Studio\2022\Community\MSBuild\Microsoft\VC\v170\Microsoft.CppBuild.targets(1098,5): warning MSB8027: Two or more files with the name of Operator2.cpp will produce outputs to the same location. This can lead to an incorrect build result.  The files involved are 0419\Operator2.cpp, 0420\Operator2.cpp.
  Operator2.cpp
F:\Main\7_Academic\SBSAcademyGame Ilsan(2022~)\CPP\04m03w\04m03w\0419\Operator2.cpp(75,9): warning C4477: 'printf' : format string '%d' requires an argument of type 'int', but variadic argument 2 has type 'size_t'
F:\Main\7_Academic\SBSAcademyGame Ilsan(2022~)\CPP\04m03w\04m03w\0419\Operator2.cpp(75,9): message : consider using '%zd' in the format string
  Operator2.cpp
F:\Main\7_Academic\SBSAcademyGame Ilsan(2022~)\CPP\04m03w\04m03w\0420\Operator2.cpp(1,1): warning C4819: The file contains a character that cannot be represented in the current code page (949). Save the file in Unicode format to prevent data loss
F:\Main\7_Academic\SBSAcademyGame Ilsan(2022~)\CPP\04m03w\04m03w\0420\Operator2.cpp(23,9): warning C4477: 'printf' : format string '%d' requires an argument of type 'int', but variadic argument 1 has type 'size_t'
F:\Main\7_Academic\SBSAcademyGame Ilsan(2022~)\CPP\04m03w\04m03w\0420\Operator2.cpp(23,9): message : consider using '%zd' in the format string
F:\Main\7_Academic\SBSAcademyGame Ilsan(2022~)\CPP\04m03w\04m03w\0420\Operator2.cpp(23,9): warning C4477: 'printf' : format string '%d' requires an argument of type 'int', but variadic argument 2 has type 'size_t'
F:\Main\7_Academic\SBSAcademyGame Ilsan(2022~)\CPP\04m03w\04m03w\0420\Operator2.cpp(23,9): message : consider using '%zd' in the format string
F:\Main\7_Academic\SBSAcademyGame Ilsan(2022~)\CPP\04m03w\04m03w\0420\Operator2.cpp(23,9): warning C4477: 'printf' : format string '%d' requires an argument of type 'int', but variadic argument 3 has type 'size_t'
F:\Main\7_Academic\SBSAcademyGame Ilsan(2022~)\CPP\04m03w\04m03w\0420\Operator2.cpp(23,9): message : consider using '%zd' in the format string
F:\Main\7_Academic\SBSAcademyGame Ilsan(2022~)\CPP\04m03w\04m03w\0420\Operator2.cpp(24,9): warning C4477: 'printf' : format string '%d' requires an argument of type 'int', but variadic argument 1 has type 'size_t'
F:\Main\7_Academic\SBSAcademyGame Ilsan(2022~)\CPP\04m03w\04m03w\0420\Operator2.cpp(24,9): message : consider using '%zd' in the format string
F:\Main\7_Academic\SBSAcademyGame Ilsan(2022~)\CPP\04m03w\04m03w\0420\Operator2.cpp(24,9): warning C4477: 'printf' : format string '%d' requires an argument of type 'int', but variadic argument 2 has type 'size_t'
F:\Main\7_Academic\SBSAcademyGame Ilsan(2022~)\CPP\04m03w\04m03w\0420\Operator2.cpp(24,9): message : consider using '%zd' in the format string
F:\Main\7_Academic\SBSAcademyGame Ilsan(2022~)\CPP\04m03w\04m03w\0420\Operator2.cpp(25,9): warning C4477: 'printf' : format string '%d' requires an argument of type 'int', but variadic argument 1 has type 'size_t'
F:\Main\7_Academic\SBSAcademyGame Ilsan(2022~)\CPP\04m03w\04m03w\0420\Operator2.cpp(25,9): message : consider using '%zd' in the format string
F:\Main\7_Academic\SBSAcademyGame Ilsan(2022~)\CPP\04m03w\04m03w\0420\Operator2.cpp(25,9): warning C4477: 'printf' : format string '%d' requires an argument of type 'int', but variadic argument 2 has type 'size_t'
F:\Main\7_Academic\SBSAcademyGame Ilsan(2022~)\CPP\04m03w\04m03w\0420\Operator2.cpp(25,9): message : consider using '%zd' in the format string
F:\Main\7_Academic\SBSAcademyGame Ilsan(2022~)\CPP\04m03w\04m03w\0420\Operator2.cpp(27,9): warning C4477: 'printf' : format string '%d' requires an argument of type 'int', but variadic argument 1 has type 'size_t'
F:\Main\7_Academic\SBSAcademyGame Ilsan(2022~)\CPP\04m03w\04m03w\0420\Operator2.cpp(27,9): message : consider using '%zd' in the format string
F:\Main\7_Academic\SBSAcademyGame Ilsan(2022~)\CPP\04m03w\04m03w\0420\Operator2.cpp(27,9): warning C4477: 'printf' : format string '%d' requires an argument of type 'int', but variadic argument 2 has type 'size_t'
F:\Main\7_Academic\SBSAcademyGame Ilsan(2022~)\CPP\04m03w\04m03w\0420\Operator2.cpp(27,9): message : consider using '%zd' in the format string
  Generating Code...
x64\Debug\Operator1.obj : warning LNK4042: object specified more than once; extras ignored
x64\Debug\Operator2.obj : warning LNK4042: object specified more than once; extras ignored
MSVCRTD.lib(exe_main.obj) : error LNK2019: unresolved external symbol main referenced in function "int __cdecl invoke_main(void)" (?invoke_main@@YAHXZ)
F:\Main\7_Academic\SBSAcademyGame Ilsan(2022~)\CPP\04m03w\x64\Debug\04m03w.exe : fatal error LNK1120: 1 unresolved externals
